0 info it worked if it ends with ok
1 verbose cli [ '/usr/bin/node', '/usr/bin/npm', 'run', 'compile' ]
2 info using npm@3.10.10
3 info using node@v6.12.3
4 verbose run-script [ 'precompile', 'compile', 'postcompile' ]
5 info lifecycle org.javacream.training.typescript@1.0.0~precompile: org.javacream.training.typescript@1.0.0
6 silly lifecycle org.javacream.training.typescript@1.0.0~precompile: no script for precompile, continuing
7 info lifecycle org.javacream.training.typescript@1.0.0~compile: org.javacream.training.typescript@1.0.0
8 verbose lifecycle org.javacream.training.typescript@1.0.0~compile: unsafe-perm in lifecycle true
9 verbose lifecycle org.javacream.training.typescript@1.0.0~compile: PATH: /usr/lib/node_modules/npm/bin/node-gyp-bin:/home/gregor/repos/nodejs-schulung/03_typescript/node_modules/.bin:/home/gregor/.sdkman/candidates/gradle/current/bin:/usr/local/sbin:/usr/local/bin:/usr/sbin:/usr/bin:/sbin:/bin:/usr/games:/usr/local/games:/snap/bin
10 verbose lifecycle org.javacream.training.typescript@1.0.0~compile: CWD: /home/gregor/repos/nodejs-schulung/03_typescript
11 silly lifecycle org.javacream.training.typescript@1.0.0~compile: Args: [ '-c', 'tsc -p ./tsconfig.json' ]
12 silly lifecycle org.javacream.training.typescript@1.0.0~compile: Returned: code: 2  signal: null
13 info lifecycle org.javacream.training.typescript@1.0.0~compile: Failed to exec compile script
14 verbose stack Error: org.javacream.training.typescript@1.0.0 compile: `tsc -p ./tsconfig.json`
14 verbose stack Exit status 2
14 verbose stack     at EventEmitter.<anonymous> (/usr/lib/node_modules/npm/lib/utils/lifecycle.js:255:16)
14 verbose stack     at emitTwo (events.js:106:13)
14 verbose stack     at EventEmitter.emit (events.js:191:7)
14 verbose stack     at ChildProcess.<anonymous> (/usr/lib/node_modules/npm/lib/utils/spawn.js:40:14)
14 verbose stack     at emitTwo (events.js:106:13)
14 verbose stack     at ChildProcess.emit (events.js:191:7)
14 verbose stack     at maybeClose (internal/child_process.js:920:16)
14 verbose stack     at Process.ChildProcess._handle.onexit (internal/child_process.js:230:5)
15 verbose pkgid org.javacream.training.typescript@1.0.0
16 verbose cwd /home/gregor/repos/nodejs-schulung/03_typescript
17 error Linux 4.13.0-25-generic
18 error argv "/usr/bin/node" "/usr/bin/npm" "run" "compile"
19 error node v6.12.3
20 error npm  v3.10.10
21 error code ELIFECYCLE
22 error org.javacream.training.typescript@1.0.0 compile: `tsc -p ./tsconfig.json`
22 error Exit status 2
23 error Failed at the org.javacream.training.typescript@1.0.0 compile script 'tsc -p ./tsconfig.json'.
23 error Make sure you have the latest version of node.js and npm installed.
23 error If you do, this is most likely a problem with the org.javacream.training.typescript package,
23 error not with npm itself.
23 error Tell the author that this fails on your system:
23 error     tsc -p ./tsconfig.json
23 error You can get information on how to open an issue for this project with:
23 error     npm bugs org.javacream.training.typescript
23 error Or if that isn't available, you can get their info via:
23 error     npm owner ls org.javacream.training.typescript
23 error There is likely additional logging output above.
24 verbose exit [ 1, true ]
